Using pre-set license
Built from '2021.3/release' branch; Version is '2021.3.17f1 (3e8111cac19d) revision 4096273'; Using compiler version '192829333'; Build Type 'Release'
OS: 'Windows 10  (10.0.19045) 64bit Core' Language: 'en' Physical Memory: 16319 MB
BatchMode: 1, IsHumanControllingUs: 0, StartBugReporterOnCrash: 0, Is64bit: 1, IsPro: 1

COMMAND LINE ARGUMENTS:
D:\UnityEditor\2021.3.17f1\Editor\Unity.exe
-adb2
-batchMode
-noUpm
-name
AssetImportWorker0
-projectPath
D:/Unity Projects/Pokemon
-logFile
Logs/AssetImportWorker0.log
-srvPort
62526
Successfully changed project path to: D:/Unity Projects/Pokemon
D:/Unity Projects/Pokemon
[UnityMemory] Configuration Parameters - Can be set up in boot.config
    "memorysetup-bucket-allocator-granularity=16"
    "memorysetup-bucket-allocator-bucket-count=8"
    "memorysetup-bucket-allocator-block-size=33554432"
    "memorysetup-bucket-allocator-block-count=8"
    "memorysetup-main-allocator-block-size=16777216"
    "memorysetup-thread-allocator-block-size=16777216"
    "memorysetup-gfx-main-allocator-block-size=16777216"
    "memorysetup-gfx-thread-allocator-block-size=16777216"
    "memorysetup-cache-allocator-block-size=4194304"
    "memorysetup-typetree-allocator-block-size=2097152"
    "memorysetup-profiler-bucket-allocator-granularity=16"
    "memorysetup-profiler-bucket-allocator-bucket-count=8"
    "memorysetup-profiler-bucket-allocator-block-size=33554432"
    "memorysetup-profiler-bucket-allocator-block-count=8"
    "memorysetup-profiler-allocator-block-size=16777216"
    "memorysetup-profiler-editor-allocator-block-size=1048576"
    "memorysetup-temp-allocator-size-main=16777216"
    "memorysetup-job-temp-allocator-block-size=2097152"
    "memorysetup-job-temp-allocator-block-size-background=1048576"
    "memorysetup-job-temp-allocator-reduction-small-platforms=262144"
    "memorysetup-temp-allocator-size-background-worker=32768"
    "memorysetup-temp-allocator-size-job-worker=262144"
    "memorysetup-temp-allocator-size-preload-manager=33554432"
    "memorysetup-temp-allocator-size-nav-mesh-worker=65536"
    "memorysetup-temp-allocator-size-audio-worker=65536"
    "memorysetup-temp-allocator-size-cloud-worker=32768"
    "memorysetup-temp-allocator-size-gi-baking-worker=262144"
    "memorysetup-temp-allocator-size-gfx=262144"
Player connection [17512] Host "[IP] 10.0.0.61 [Port] 0 [Flags] 2 [Guid] 2794783333 [EditorId] 2794783333 [Version] 1048832 [Id] WindowsEditor(7,DESKTOP-7M4V52G) [Debug] 1 [PackageName] WindowsEditor [ProjectName] Editor" joined multi-casting on [225.0.0.222:54997]...

Player connection [17512] Host "[IP] 10.0.0.61 [Port] 0 [Flags] 2 [Guid] 2794783333 [EditorId] 2794783333 [Version] 1048832 [Id] WindowsEditor(7,DESKTOP-7M4V52G) [Debug] 1 [PackageName] WindowsEditor [ProjectName] Editor" joined alternative multi-casting on [225.0.0.222:34997]...

Refreshing native plugins compatible for Editor in 95.88 ms, found 2 plugins.
Preloading 0 native plugins for Editor in 0.00 ms.
Initialize engine version: 2021.3.17f1 (3e8111cac19d)
[Subsystems] Discovering subsystems at path D:/UnityEditor/2021.3.17f1/Editor/Data/Resources/UnitySubsystems
[Subsystems] Discovering subsystems at path D:/Unity Projects/Pokemon/Assets
GfxDevice: creating device client; threaded=0; jobified=0
Direct3D:
    Version:  Direct3D 11.0 [level 11.1]
    Renderer: NVIDIA GeForce GTX 1660 (ID=0x2184)
    Vendor:   NVIDIA
    VRAM:     5980 MB
    Driver:   31.0.15.2824
Initialize mono
Mono path[0] = 'D:/UnityEditor/2021.3.17f1/Editor/Data/Managed'
Mono path[1] = 'D:/UnityEditor/2021.3.17f1/Editor/Data/MonoBleedingEdge/lib/mono/unityjit-win32'
Mono config path = 'D:/UnityEditor/2021.3.17f1/Editor/Data/MonoBleedingEdge/etc'
Using monoOptions --debugger-agent=transport=dt_socket,embedding=1,server=y,suspend=n,address=127.0.0.1:56416
Begin MonoManager ReloadAssembly
Registering precompiled unity dll's ...
Register platform support module: D:/UnityEditor/2021.3.17f1/Editor/Data/PlaybackEngines/WebGLSupport/UnityEditor.WebGL.Extensions.dll
Register platform support module: D:/UnityEditor/2021.3.17f1/Editor/Data/PlaybackEngines/WindowsStandaloneSupport/UnityEditor.WindowsStandalone.Extensions.dll
Registered in 0.003806 seconds.
Native extension for WindowsStandalone target not found
Native extension for WebGL target not found
Refreshing native plugins compatible for Editor in 78.03 ms, found 2 plugins.
Preloading 0 native plugins for Editor in 0.00 ms.
Mono: successfully reloaded assembly
- Completed reload, in  0.849 seconds
Domain Reload Profiling:
	ReloadAssembly (850ms)
		BeginReloadAssembly (95ms)
			ExecutionOrderSort (0ms)
			DisableScriptedObjects (0ms)
			BackupInstance (0ms)
			ReleaseScriptingObjects (0ms)
			CreateAndSetChildDomain (1ms)
		EndReloadAssembly (608ms)
			LoadAssemblies (94ms)
			RebuildTransferFunctionScriptingTraits (0ms)
			SetupTypeCache (147ms)
			ReleaseScriptCaches (0ms)
			RebuildScriptCaches (37ms)
			SetupLoadedEditorAssemblies (358ms)
				LogAssemblyErrors (0ms)
				InitializePlatformSupportModulesInManaged (10ms)
				SetLoadedEditorAssemblies (0ms)
				RefreshPlugins (78ms)
				BeforeProcessingInitializeOnLoad (2ms)
				ProcessInitializeOnLoadAttributes (203ms)
				ProcessInitializeOnLoadMethodAttributes (64ms)
				AfterProcessingInitializeOnLoad (0ms)
				EditorAssembliesLoaded (0ms)
			ExecutionOrderSort2 (0ms)
			AwakeInstancesAfterBackupRestoration (0ms)
Platform modules already initialized, skipping
Registering precompiled user dll's ...
Registered in 0.005176 seconds.
Begin MonoManager ReloadAssembly
Native extension for WindowsStandalone target not found
Native extension for WebGL target not found
Refreshing native plugins compatible for Editor in 86.60 ms, found 2 plugins.
Preloading 0 native plugins for Editor in 0.00 ms.
Mono: successfully reloaded assembly
- Completed reload, in  1.565 seconds
Domain Reload Profiling:
	ReloadAssembly (1566ms)
		BeginReloadAssembly (143ms)
			ExecutionOrderSort (0ms)
			DisableScriptedObjects (8ms)
			BackupInstance (0ms)
			ReleaseScriptingObjects (0ms)
			CreateAndSetChildDomain (25ms)
		EndReloadAssembly (1298ms)
			LoadAssemblies (108ms)
			RebuildTransferFunctionScriptingTraits (0ms)
			SetupTypeCache (305ms)
			ReleaseScriptCaches (1ms)
			RebuildScriptCaches (73ms)
			SetupLoadedEditorAssemblies (750ms)
				LogAssemblyErrors (0ms)
				InitializePlatformSupportModulesInManaged (15ms)
				SetLoadedEditorAssemblies (0ms)
				RefreshPlugins (87ms)
				BeforeProcessingInitializeOnLoad (108ms)
				ProcessInitializeOnLoadAttributes (428ms)
				ProcessInitializeOnLoadMethodAttributes (108ms)
				AfterProcessingInitializeOnLoad (4ms)
				EditorAssembliesLoaded (0ms)
			ExecutionOrderSort2 (0ms)
			AwakeInstancesAfterBackupRestoration (8ms)
Platform modules already initialized, skipping
========================================================================
Worker process is ready to serve import requests
Launched and connected shader compiler UnityShaderCompiler.exe after 0.07 seconds
Refreshing native plugins compatible for Editor in 0.81 ms, found 2 plugins.
Preloading 0 native plugins for Editor in 0.00 ms.
Unloading 3826 Unused Serialized files (Serialized files now loaded: 0)
Unloading 32 unused Assets / (0.7 MB). Loaded Objects now: 4285.
Memory consumption went from 171.5 MB to 170.8 MB.
Total: 4.686300 ms (FindLiveObjects: 0.405200 ms CreateObjectMapping: 0.110900 ms MarkObjects: 3.750400 ms  DeleteObjects: 0.417900 ms)

AssetImportParameters requested are different than current active one (requested -> active):
  custom:video-decoder-ogg-theora: a1e56fd34408186e4bbccfd4996cb3dc -> 
  custom:container-muxer-webm: aa71ff27fc2769a1b78a27578f13a17b -> 
  custom:container-demuxer-webm: 4f35f7cbe854078d1ac9338744f61a02 -> 
  custom:video-encoder-webm-vp8: eb34c28f22e8b96e1ab97ce403110664 -> 
  custom:audio-encoder-webm-vorbis: bf7c407c2cedff20999df2af8eb42d56 -> 
  custom:framework-win-MediaFoundation: 216162199b28c13a410421893ffa2e32 -> 
  custom:container-demuxer-ogg: 62fdf1f143b41e24485cea50d1cbac27 -> 
  custom:video-decoder-webm-vp8: 9c59270c3fd7afecdb556c50c9e8de78 -> 
  custom:audio-decoder-ogg-vorbis: bf7c407c2cedff20999df2af8eb42d56 -> 
========================================================================
Received Import Request.
  Time since last request: 761364.379479 seconds.
  path: Assets/Models/Umbreon.obj
  artifactKey: Guid(0b5b76ae85535b14db60108090c5cd43) Importer(815301076,1909f56bfc062723c751e8b465ee728b)
Start importing Assets/Models/Umbreon.obj using Guid(0b5b76ae85535b14db60108090c5cd43) Importer(815301076,1909f56bfc062723c751e8b465ee728b)  -> (artifact id: 'b5f25da896ed9a9ec8236d3f4aa00369') in 0.567567 seconds 
========================================================================
Received Import Request.
  Time since last request: 4.325821 seconds.
  path: Assets/Models/Starmie.obj
  artifactKey: Guid(33f80e8bfd1a96c4db51aad897a1bdfa) Importer(815301076,1909f56bfc062723c751e8b465ee728b)
Start importing Assets/Models/Starmie.obj using Guid(33f80e8bfd1a96c4db51aad897a1bdfa) Importer(815301076,1909f56bfc062723c751e8b465ee728b)  -> (artifact id: 'fd59184b263e45eb789f0f24046cb8f1') in 0.044533 seconds 
========================================================================
Received Import Request.
  Time since last request: 0.000046 seconds.
  path: Assets/Models/Staryu.obj
  artifactKey: Guid(a3aa0c0516e5e9a42bcc3d3bc8c7adfb) Importer(815301076,1909f56bfc062723c751e8b465ee728b)
Start importing Assets/Models/Staryu.obj using Guid(a3aa0c0516e5e9a42bcc3d3bc8c7adfb) Importer(815301076,1909f56bfc062723c751e8b465ee728b)  -> (artifact id: 'b60cc50168295c16532c8266105d4a70') in 0.033465 seconds 
========================================================================
Received Import Request.
  Time since last request: 26.101931 seconds.
  path: Assets/Models/Couch.obj
  artifactKey: Guid(51d215e75a37eae4c87cd88582401043) Importer(815301076,1909f56bfc062723c751e8b465ee728b)
Start importing Assets/Models/Couch.obj using Guid(51d215e75a37eae4c87cd88582401043) Importer(815301076,1909f56bfc062723c751e8b465ee728b)  -> (artifact id: 'f18be33bdb29ef412492d28036ce6e9f') in 0.050022 seconds 
========================================================================
Received Import Request.
  Time since last request: 0.000025 seconds.
  path: Assets/Models/House.obj
  artifactKey: Guid(00d47bea4eec12246a77c8b56cb08d8d) Importer(815301076,1909f56bfc062723c751e8b465ee728b)
Start importing Assets/Models/House.obj using Guid(00d47bea4eec12246a77c8b56cb08d8d) Importer(815301076,1909f56bfc062723c751e8b465ee728b)  -> (artifact id: '210e50be8ae213cff5e9e7d8c3324359') in 0.028354 seconds 
========================================================================
Received Import Request.
  Time since last request: 0.000025 seconds.
  path: Assets/Models/Mail box.obj
  artifactKey: Guid(aa21d3a9d7afb5c478c83f2ee8155d45) Importer(815301076,1909f56bfc062723c751e8b465ee728b)
Start importing Assets/Models/Mail box.obj using Guid(aa21d3a9d7afb5c478c83f2ee8155d45) Importer(815301076,1909f56bfc062723c751e8b465ee728b)  -> (artifact id: 'b0ccf2a4cff2ffb7975f33ce37a164e6') in 0.031311 seconds 
========================================================================
Received Import Request.
  Time since last request: 0.000029 seconds.
  path: Assets/Models/Table 1.obj
  artifactKey: Guid(2fbd89f4d0d04ea4488811c5e682c349) Importer(815301076,1909f56bfc062723c751e8b465ee728b)
Start importing Assets/Models/Table 1.obj using Guid(2fbd89f4d0d04ea4488811c5e682c349) Importer(815301076,1909f56bfc062723c751e8b465ee728b)  -> (artifact id: 'ead298bff95e4fce4ef7e32333868bd1') in 0.256926 seconds 
========================================================================
Received Import Request.
  Time since last request: 409.890924 seconds.
  path: Assets/Models/Table 1.obj
  artifactKey: Guid(2fbd89f4d0d04ea4488811c5e682c349) Importer(815301076,1909f56bfc062723c751e8b465ee728b)
Start importing Assets/Models/Table 1.obj using Guid(2fbd89f4d0d04ea4488811c5e682c349) Importer(815301076,1909f56bfc062723c751e8b465ee728b)  -> (artifact id: '84540ad9d8b09534bc36b6d7bdb62d22') in 0.042173 seconds 
